-------------------------------------------------------------------------------
Test set: com.mulesoft.training.HelloMavenTest
-------------------------------------------------------------------------------
Tests run: 1, Failures: 0, Errors: 1, Skipped: 0, Time elapsed: 6.385 sec <<< FAILURE! - in com.mulesoft.training.HelloMavenTest
mavenFlowReturnsHelloMaven(com.mulesoft.training.HelloMavenTest)  Time elapsed: 5.436 sec  <<< ERROR!
org.mule.api.config.ConfigurationException: Error creating bean with name 'retrieveFlights': Cannot create inner bean '(inner bean)#6b7a538e' of type [org.mule.module.db.internal.processor.SelectMessageProcessor] while setting bean property 'messageProcessors' with key [0]; nested exception is org.springframework.beans.factory.BeanCreationException: Error creating bean with name '(inner bean)#6b7a538e': Cannot create inner bean '(inner bean)#419b9455' of type [org.mule.module.db.internal.config.resolver.query.QueryResolverFactoryBean] while setting constructor argument; nested exception is org.springframework.beans.factory.BeanCreationException: Error creating bean with name '(inner bean)#419b9455': Cannot create inner bean '(inner bean)#6edaf604' of type [org.mule.module.db.internal.domain.query.Query] while setting constructor argument; nested exception is org.springframework.beans.factory.BeanCreationException: Error creating bean with name '(inner bean)#6edaf604': Cannot create inner bean '(inner bean)#4e726260' of type [org.mule.module.db.internal.config.domain.query.ParameterizedQueryTemplateFactoryBean] while setting constructor argument; nested exception is org.springframework.beans.factory.BeanCreationException: Error creating bean with name '(inner bean)#4e726260': FactoryBean threw exception on object creation; nested exception is org.mule.module.db.internal.parser.QueryTemplateParsingException: SQL text cannot be empty (org.mule.api.lifecycle.InitialisationException)
Caused by: org.mule.api.lifecycle.InitialisationException: Error creating bean with name 'retrieveFlights': Cannot create inner bean '(inner bean)#6b7a538e' of type [org.mule.module.db.internal.processor.SelectMessageProcessor] while setting bean property 'messageProcessors' with key [0]; nested exception is org.springframework.beans.factory.BeanCreationException: Error creating bean with name '(inner bean)#6b7a538e': Cannot create inner bean '(inner bean)#419b9455' of type [org.mule.module.db.internal.config.resolver.query.QueryResolverFactoryBean] while setting constructor argument; nested exception is org.springframework.beans.factory.BeanCreationException: Error creating bean with name '(inner bean)#419b9455': Cannot create inner bean '(inner bean)#6edaf604' of type [org.mule.module.db.internal.domain.query.Query] while setting constructor argument; nested exception is org.springframework.beans.factory.BeanCreationException: Error creating bean with name '(inner bean)#6edaf604': Cannot create inner bean '(inner bean)#4e726260' of type [org.mule.module.db.internal.config.domain.query.ParameterizedQueryTemplateFactoryBean] while setting constructor argument; nested exception is org.springframework.beans.factory.BeanCreationException: Error creating bean with name '(inner bean)#4e726260': FactoryBean threw exception on object creation; nested exception is org.mule.module.db.internal.parser.QueryTemplateParsingException: SQL text cannot be empty
Caused by: org.springframework.beans.factory.BeanCreationException: Error creating bean with name 'retrieveFlights': Cannot create inner bean '(inner bean)#6b7a538e' of type [org.mule.module.db.internal.processor.SelectMessageProcessor] while setting bean property 'messageProcessors' with key [0]; nested exception is org.springframework.beans.factory.BeanCreationException: Error creating bean with name '(inner bean)#6b7a538e': Cannot create inner bean '(inner bean)#419b9455' of type [org.mule.module.db.internal.config.resolver.query.QueryResolverFactoryBean] while setting constructor argument; nested exception is org.springframework.beans.factory.BeanCreationException: Error creating bean with name '(inner bean)#419b9455': Cannot create inner bean '(inner bean)#6edaf604' of type [org.mule.module.db.internal.domain.query.Query] while setting constructor argument; nested exception is org.springframework.beans.factory.BeanCreationException: Error creating bean with name '(inner bean)#6edaf604': Cannot create inner bean '(inner bean)#4e726260' of type [org.mule.module.db.internal.config.domain.query.ParameterizedQueryTemplateFactoryBean] while setting constructor argument; nested exception is org.springframework.beans.factory.BeanCreationException: Error creating bean with name '(inner bean)#4e726260': FactoryBean threw exception on object creation; nested exception is org.mule.module.db.internal.parser.QueryTemplateParsingException: SQL text cannot be empty
Caused by: org.springframework.beans.factory.BeanCreationException: Error creating bean with name '(inner bean)#6b7a538e': Cannot create inner bean '(inner bean)#419b9455' of type [org.mule.module.db.internal.config.resolver.query.QueryResolverFactoryBean] while setting constructor argument; nested exception is org.springframework.beans.factory.BeanCreationException: Error creating bean with name '(inner bean)#419b9455': Cannot create inner bean '(inner bean)#6edaf604' of type [org.mule.module.db.internal.domain.query.Query] while setting constructor argument; nested exception is org.springframework.beans.factory.BeanCreationException: Error creating bean with name '(inner bean)#6edaf604': Cannot create inner bean '(inner bean)#4e726260' of type [org.mule.module.db.internal.config.domain.query.ParameterizedQueryTemplateFactoryBean] while setting constructor argument; nested exception is org.springframework.beans.factory.BeanCreationException: Error creating bean with name '(inner bean)#4e726260': FactoryBean threw exception on object creation; nested exception is org.mule.module.db.internal.parser.QueryTemplateParsingException: SQL text cannot be empty
Caused by: org.springframework.beans.factory.BeanCreationException: Error creating bean with name '(inner bean)#419b9455': Cannot create inner bean '(inner bean)#6edaf604' of type [org.mule.module.db.internal.domain.query.Query] while setting constructor argument; nested exception is org.springframework.beans.factory.BeanCreationException: Error creating bean with name '(inner bean)#6edaf604': Cannot create inner bean '(inner bean)#4e726260' of type [org.mule.module.db.internal.config.domain.query.ParameterizedQueryTemplateFactoryBean] while setting constructor argument; nested exception is org.springframework.beans.factory.BeanCreationException: Error creating bean with name '(inner bean)#4e726260': FactoryBean threw exception on object creation; nested exception is org.mule.module.db.internal.parser.QueryTemplateParsingException: SQL text cannot be empty
Caused by: org.springframework.beans.factory.BeanCreationException: Error creating bean with name '(inner bean)#6edaf604': Cannot create inner bean '(inner bean)#4e726260' of type [org.mule.module.db.internal.config.domain.query.ParameterizedQueryTemplateFactoryBean] while setting constructor argument; nested exception is org.springframework.beans.factory.BeanCreationException: Error creating bean with name '(inner bean)#4e726260': FactoryBean threw exception on object creation; nested exception is org.mule.module.db.internal.parser.QueryTemplateParsingException: SQL text cannot be empty
Caused by: org.springframework.beans.factory.BeanCreationException: Error creating bean with name '(inner bean)#4e726260': FactoryBean threw exception on object creation; nested exception is org.mule.module.db.internal.parser.QueryTemplateParsingException: SQL text cannot be empty
Caused by: org.mule.module.db.internal.parser.QueryTemplateParsingException: SQL text cannot be empty

