<?xml version="1.0" encoding="UTF-8"?>
<testsuite xmlns:xsi="http://www.w3.org/2001/XMLSchema-instance" xsi:schemaLocation="https://maven.apache.org/surefire/maven-surefire-plugin/xsd/surefire-test-report.xsd" name="com.mulesoft.training.HelloMavenTest" time="6.385" tests="1" errors="1" skipped="0" failures="0">
  <properties>
[...]
</properties>
  <testcase name="mavenFlowReturnsHelloMaven" classname="com.mulesoft.training.HelloMavenTest" time="5.436">
    <error message="Error creating bean with name &apos;retrieveFlights&apos;: Cannot create inner bean &apos;(inner bean)#6b7a538e&apos; of type [org.mule.module.db.internal.processor.SelectMessageProcessor] while setting bean property &apos;messageProcessors&apos; with key [0]; nested exception is org.springframework.beans.factory.BeanCreationException: Error creating bean with name &apos;(inner bean)#6b7a538e&apos;: Cannot create inner bean &apos;(inner bean)#419b9455&apos; of type [org.mule.module.db.internal.config.resolver.query.QueryResolverFactoryBean] while setting constructor argument; nested exception is org.springframework.beans.factory.BeanCreationException: Error creating bean with name &apos;(inner bean)#419b9455&apos;: Cannot create inner bean &apos;(inner bean)#6edaf604&apos; of type [org.mule.module.db.internal.domain.query.Query] while setting constructor argument; nested exception is org.springframework.beans.factory.BeanCreationException: Error creating bean with name &apos;(inner bean)#6edaf604&apos;: Cannot create inner bean &apos;(inner bean)#4e726260&apos; of type [org.mule.module.db.internal.config.domain.query.ParameterizedQueryTemplateFactoryBean] while setting constructor argument; nested exception is org.springframework.beans.factory.BeanCreationException: Error creating bean with name &apos;(inner bean)#4e726260&apos;: FactoryBean threw exception on object creation; nested exception is org.mule.module.db.internal.parser.QueryTemplateParsingException: SQL text cannot be empty (org.mule.api.lifecycle.InitialisationException)" type="org.mule.api.config.ConfigurationException">org.mule.api.config.ConfigurationException: Error creating bean with name 'retrieveFlights': Cannot create inner bean '(inner bean)#6b7a538e' of type [org.mule.module.db.internal.processor.SelectMessageProcessor] while setting bean property 'messageProcessors' with key [0]; nested exception is org.springframework.beans.factory.BeanCreationException: Error creating bean with name '(inner bean)#6b7a538e': Cannot create inner bean '(inner bean)#419b9455' of type [org.mule.module.db.internal.config.resolver.query.QueryResolverFactoryBean] while setting constructor argument; nested exception is org.springframework.beans.factory.BeanCreationException: Error creating bean with name '(inner bean)#419b9455': Cannot create inner bean '(inner bean)#6edaf604' of type [org.mule.module.db.internal.domain.query.Query] while setting constructor argument; nested exception is org.springframework.beans.factory.BeanCreationException: Error creating bean with name '(inner bean)#6edaf604': Cannot create inner bean '(inner bean)#4e726260' of type [org.mule.module.db.internal.config.domain.query.ParameterizedQueryTemplateFactoryBean] while setting constructor argument; nested exception is org.springframework.beans.factory.BeanCreationException: Error creating bean with name '(inner bean)#4e726260': FactoryBean threw exception on object creation; nested exception is org.mule.module.db.internal.parser.QueryTemplateParsingException: SQL text cannot be empty (org.mule.api.lifecycle.InitialisationException)
Caused by: org.mule.api.lifecycle.InitialisationException: Error creating bean with name 'retrieveFlights': Cannot create inner bean '(inner bean)#6b7a538e' of type [org.mule.module.db.internal.processor.SelectMessageProcessor] while setting bean property 'messageProcessors' with key [0]; nested exception is org.springframework.beans.factory.BeanCreationException: Error creating bean with name '(inner bean)#6b7a538e': Cannot create inner bean '(inner bean)#419b9455' of type [org.mule.module.db.internal.config.resolver.query.QueryResolverFactoryBean] while setting constructor argument; nested exception is org.springframework.beans.factory.BeanCreationException: Error creating bean with name '(inner bean)#419b9455': Cannot create inner bean '(inner bean)#6edaf604' of type [org.mule.module.db.internal.domain.query.Query] while setting constructor argument; nested exception is org.springframework.beans.factory.BeanCreationException: Error creating bean with name '(inner bean)#6edaf604': Cannot create inner bean '(inner bean)#4e726260' of type [org.mule.module.db.internal.config.domain.query.ParameterizedQueryTemplateFactoryBean] while setting constructor argument; nested exception is org.springframework.beans.factory.BeanCreationException: Error creating bean with name '(inner bean)#4e726260': FactoryBean threw exception on object creation; nested exception is org.mule.module.db.internal.parser.QueryTemplateParsingException: SQL text cannot be empty
Caused by: org.springframework.beans.factory.BeanCreationException: Error creating bean with name 'retrieveFlights': Cannot create inner bean '(inner bean)#6b7a538e' of type [org.mule.module.db.internal.processor.SelectMessageProcessor] while setting bean property 'messageProcessors' with key [0]; nested exception is org.springframework.beans.factory.BeanCreationException: Error creating bean with name '(inner bean)#6b7a538e': Cannot create inner bean '(inner bean)#419b9455' of type [org.mule.module.db.internal.config.resolver.query.QueryResolverFactoryBean] while setting constructor argument; nested exception is org.springframework.beans.factory.BeanCreationException: Error creating bean with name '(inner bean)#419b9455': Cannot create inner bean '(inner bean)#6edaf604' of type [org.mule.module.db.internal.domain.query.Query] while setting constructor argument; nested exception is org.springframework.beans.factory.BeanCreationException: Error creating bean with name '(inner bean)#6edaf604': Cannot create inner bean '(inner bean)#4e726260' of type [org.mule.module.db.internal.config.domain.query.ParameterizedQueryTemplateFactoryBean] while setting constructor argument; nested exception is org.springframework.beans.factory.BeanCreationException: Error creating bean with name '(inner bean)#4e726260': FactoryBean threw exception on object creation; nested exception is org.mule.module.db.internal.parser.QueryTemplateParsingException: SQL text cannot be empty
Caused by: org.springframework.beans.factory.BeanCreationException: Error creating bean with name '(inner bean)#6b7a538e': Cannot create inner bean '(inner bean)#419b9455' of type [org.mule.module.db.internal.config.resolver.query.QueryResolverFactoryBean] while setting constructor argument; nested exception is org.springframework.beans.factory.BeanCreationException: Error creating bean with name '(inner bean)#419b9455': Cannot create inner bean '(inner bean)#6edaf604' of type [org.mule.module.db.internal.domain.query.Query] while setting constructor argument; nested exception is org.springframework.beans.factory.BeanCreationException: Error creating bean with name '(inner bean)#6edaf604': Cannot create inner bean '(inner bean)#4e726260' of type [org.mule.module.db.internal.config.domain.query.ParameterizedQueryTemplateFactoryBean] while setting constructor argument; nested exception is org.springframework.beans.factory.BeanCreationException: Error creating bean with name '(inner bean)#4e726260': FactoryBean threw exception on object creation; nested exception is org.mule.module.db.internal.parser.QueryTemplateParsingException: SQL text cannot be empty
Caused by: org.springframework.beans.factory.BeanCreationException: Error creating bean with name '(inner bean)#419b9455': Cannot create inner bean '(inner bean)#6edaf604' of type [org.mule.module.db.internal.domain.query.Query] while setting constructor argument; nested exception is org.springframework.beans.factory.BeanCreationException: Error creating bean with name '(inner bean)#6edaf604': Cannot create inner bean '(inner bean)#4e726260' of type [org.mule.module.db.internal.config.domain.query.ParameterizedQueryTemplateFactoryBean] while setting constructor argument; nested exception is org.springframework.beans.factory.BeanCreationException: Error creating bean with name '(inner bean)#4e726260': FactoryBean threw exception on object creation; nested exception is org.mule.module.db.internal.parser.QueryTemplateParsingException: SQL text cannot be empty
Caused by: org.springframework.beans.factory.BeanCreationException: Error creating bean with name '(inner bean)#6edaf604': Cannot create inner bean '(inner bean)#4e726260' of type [org.mule.module.db.internal.config.domain.query.ParameterizedQueryTemplateFactoryBean] while setting constructor argument; nested exception is org.springframework.beans.factory.BeanCreationException: Error creating bean with name '(inner bean)#4e726260': FactoryBean threw exception on object creation; nested exception is org.mule.module.db.internal.parser.QueryTemplateParsingException: SQL text cannot be empty
Caused by: org.springframework.beans.factory.BeanCreationException: Error creating bean with name '(inner bean)#4e726260': FactoryBean threw exception on object creation; nested exception is org.mule.module.db.internal.parser.QueryTemplateParsingException: SQL text cannot be empty
Caused by: org.mule.module.db.internal.parser.QueryTemplateParsingException: SQL text cannot be empty
</error>
    <system-out><![CDATA[
================================================================================
= Testing: mavenFlowReturnsHelloMaven                                          =
================================================================================
INFO  2016-05-04 11:35:41,387 [Thread-1] com.mulesoft.training.HelloMavenTest: Using working directory for test: C:\Users\RKA417~1.ARI\AppData\Local\Temp\junit7606786889834238685
INFO  2016-05-04 11:35:41,673 [Thread-1] org.mule.lifecycle.AbstractLifecycleManager: Initialising RegistryBroker
INFO  2016-05-04 11:35:41,915 [Thread-1] org.mule.config.spring.MuleArtifactContext: Refreshing org.mule.config.spring.MuleArtifactContext@46ec265e: startup date [Wed May 04 11:35:41 CEST 2016]; root of context hierarchy
INFO  2016-05-04 11:35:43,823 [Thread-1] org.mule.config.spring.processors.NoDevkitInjectorProcessor: JSR-330 'javax.inject.Inject' annotation found and supported for autowiring
WARN  2016-05-04 11:35:44,125 [Thread-1] org.mule.expression.DefaultExpressionManager: Expression string is not an expression.  Use isExpression(String) to validate first
WARN  2016-05-04 11:35:44,126 [Thread-1] org.mule.expression.DefaultExpressionManager: Expression string is not an expression.  Use isExpression(String) to validate first
WARN  2016-05-04 11:35:46,488 [Thread-1] org.mule.config.spring.MuleArtifactContext: Exception encountered during context initialization - cancelling refresh attempt
org.springframework.beans.factory.BeanCreationException: Error creating bean with name 'retrieveFlights': Cannot create inner bean '(inner bean)#6b7a538e' of type [org.mule.module.db.internal.processor.SelectMessageProcessor] while setting bean property 'messageProcessors' with key [0]; nested exception is org.springframework.beans.factory.BeanCreationException: Error creating bean with name '(inner bean)#6b7a538e': Cannot create inner bean '(inner bean)#419b9455' of type [org.mule.module.db.internal.config.resolver.query.QueryResolverFactoryBean] while setting constructor argument; nested exception is org.springframework.beans.factory.BeanCreationException: Error creating bean with name '(inner bean)#419b9455': Cannot create inner bean '(inner bean)#6edaf604' of type [org.mule.module.db.internal.domain.query.Query] while setting constructor argument; nested exception is org.springframework.beans.factory.BeanCreationException: Error creating bean with name '(inner bean)#6edaf604': Cannot create inner bean '(inner bean)#4e726260' of type [org.mule.module.db.internal.config.domain.query.ParameterizedQueryTemplateFactoryBean] while setting constructor argument; nested exception is org.springframework.beans.factory.BeanCreationException: Error creating bean with name '(inner bean)#4e726260': FactoryBean threw exception on object creation; nested exception is org.mule.module.db.internal.parser.QueryTemplateParsingException: SQL text cannot be empty
	at org.springframework.beans.factory.support.BeanDefinitionValueResolver.resolveInnerBean(BeanDefinitionValueResolver.java:313) ~[activemq-all-5.13.3.jar:5.13.3]
	at org.springframework.beans.factory.support.BeanDefinitionValueResolver.resolveValueIfNecessary(BeanDefinitionValueResolver.java:129) ~[activemq-all-5.13.3.jar:5.13.3]
	at org.springframework.beans.factory.support.BeanDefinitionValueResolver.resolveManagedList(BeanDefinitionValueResolver.java:382) ~[activemq-all-5.13.3.jar:5.13.3]
	at org.springframework.beans.factory.support.BeanDefinitionValueResolver.resolveValueIfNecessary(BeanDefinitionValueResolver.java:157) ~[activemq-all-5.13.3.jar:5.13.3]
	at org.springframework.beans.factory.support.AbstractAutowireCapableBeanFactory.applyPropertyValues(AbstractAutowireCapableBeanFactory.java:1475) ~[activemq-all-5.13.3.jar:5.13.3]
	at org.springframework.beans.factory.support.AbstractAutowireCapableBeanFactory.populateBean(AbstractAutowireCapableBeanFactory.java:1220) ~[activemq-all-5.13.3.jar:5.13.3]
	at org.springframework.beans.factory.support.AbstractAutowireCapableBeanFactory.doCreateBean(AbstractAutowireCapableBeanFactory.java:537) ~[activemq-all-5.13.3.jar:5.13.3]
	at org.springframework.beans.factory.support.AbstractAutowireCapableBeanFactory.createBean(AbstractAutowireCapableBeanFactory.java:476) ~[activemq-all-5.13.3.jar:5.13.3]
	at org.springframework.beans.factory.support.AbstractBeanFactory$1.getObject(AbstractBeanFactory.java:303) ~[activemq-all-5.13.3.jar:5.13.3]
	at org.springframework.beans.factory.support.DefaultSingletonBeanRegistry.getSingleton(DefaultSingletonBeanRegistry.java:230) ~[activemq-all-5.13.3.jar:5.13.3]
	at org.springframework.beans.factory.support.AbstractBeanFactory.doGetBean(AbstractBeanFactory.java:299) ~[activemq-all-5.13.3.jar:5.13.3]
	at org.springframework.beans.factory.support.AbstractBeanFactory.getBean(AbstractBeanFactory.java:194) ~[activemq-all-5.13.3.jar:5.13.3]
	at org.springframework.beans.factory.support.DefaultListableBeanFactory.preInstantiateSingletons(DefaultListableBeanFactory.java:755) ~[activemq-all-5.13.3.jar:5.13.3]
	at org.springframework.context.support.AbstractApplicationContext.finishBeanFactoryInitialization(AbstractApplicationContext.java:757) ~[spring-context-4.1.6.RELEASE.jar:4.1.6.RELEASE]
	at org.springframework.context.support.AbstractApplicationContext.refresh(AbstractApplicationContext.java:480) ~[spring-context-4.1.6.RELEASE.jar:4.1.6.RELEASE]
	at org.mule.config.spring.SpringRegistry.doInitialise(SpringRegistry.java:108) ~[mule-module-spring-config-3.7.3.jar:3.7.3]
	at org.mule.registry.AbstractRegistry.initialise(AbstractRegistry.java:104) ~[mule-core-3.7.3.jar:3.7.3]
	at org.mule.config.spring.SpringXmlConfigurationBuilder.createSpringRegistry(SpringXmlConfigurationBuilder.java:172) ~[mule-module-spring-config-3.7.3.jar:3.7.3]
	at org.mule.config.spring.SpringXmlConfigurationBuilder.doConfigure(SpringXmlConfigurationBuilder.java:95) ~[mule-module-spring-config-3.7.3.jar:3.7.3]
	at org.mule.config.builders.AbstractConfigurationBuilder.configure(AbstractConfigurationBuilder.java:43) ~[mule-core-3.7.3.jar:3.7.3]
	at org.mule.config.builders.AbstractResourceConfigurationBuilder.configure(AbstractResourceConfigurationBuilder.java:69) ~[mule-core-3.7.3.jar:3.7.3]
	at org.mule.context.DefaultMuleContextFactory$1.configure(DefaultMuleContextFactory.java:89) ~[mule-core-3.7.3.jar:3.7.3]
	at org.mule.context.DefaultMuleContextFactory.doCreateMuleContext(DefaultMuleContextFactory.java:222) ~[mule-core-3.7.3.jar:3.7.3]
	at org.mule.context.DefaultMuleContextFactory.createMuleContext(DefaultMuleContextFactory.java:81) ~[mule-core-3.7.3.jar:3.7.3]
	at org.mule.tck.junit4.AbstractMuleContextTestCase.createMuleContext(AbstractMuleContextTestCase.java:244) ~[mule-core-3.7.3-tests.jar:3.7.3]
	at org.mule.tck.junit4.AbstractMuleContextTestCase.setUpMuleContext(AbstractMuleContextTestCase.java:145) ~[mule-core-3.7.3-tests.jar:3.7.3]
	at sun.reflect.NativeMethodAccessorImpl.invoke0(Native Method) ~[?:1.8.0_66]
	at sun.reflect.NativeMethodAccessorImpl.invoke(NativeMethodAccessorImpl.java:62) ~[?:1.8.0_66]
	at sun.reflect.DelegatingMethodAccessorImpl.invoke(DelegatingMethodAccessorImpl.java:43) ~[?:1.8.0_66]
	at java.lang.reflect.Method.invoke(Method.java:497) ~[?:1.8.0_66]
	at org.junit.runners.model.FrameworkMethod$1.runReflectiveCall(FrameworkMethod.java:47) ~[junit-4.11.jar:?]
	at org.junit.internal.runners.model.ReflectiveCallable.run(ReflectiveCallable.java:12) ~[junit-4.11.jar:?]
	at org.junit.runners.model.FrameworkMethod.invokeExplosively(FrameworkMethod.java:44) ~[junit-4.11.jar:?]
	at org.junit.internal.runners.statements.RunBefores.evaluate(RunBefores.java:24) ~[junit-4.11.jar:?]
	at org.junit.internal.runners.statements.RunAfters.evaluate(RunAfters.java:27) ~[junit-4.11.jar:?]
	at org.junit.rules.TestWatcher$1.evaluate(TestWatcher.java:55) ~[junit-4.11.jar:?]
	at org.junit.internal.runners.statements.FailOnTimeout$StatementThread.run(FailOnTimeout.java:74) ~[junit-4.11.jar:?]
Caused by: org.springframework.beans.factory.BeanCreationException: Error creating bean with name '(inner bean)#6b7a538e': Cannot create inner bean '(inner bean)#419b9455' of type [org.mule.module.db.internal.config.resolver.query.QueryResolverFactoryBean] while setting constructor argument; nested exception is org.springframework.beans.factory.BeanCreationException: Error creating bean with name '(inner bean)#419b9455': Cannot create inner bean '(inner bean)#6edaf604' of type [org.mule.module.db.internal.domain.query.Query] while setting constructor argument; nested exception is org.springframework.beans.factory.BeanCreationException: Error creating bean with name '(inner bean)#6edaf604': Cannot create inner bean '(inner bean)#4e726260' of type [org.mule.module.db.internal.config.domain.query.ParameterizedQueryTemplateFactoryBean] while setting constructor argument; nested exception is org.springframework.beans.factory.BeanCreationException: Error creating bean with name '(inner bean)#4e726260': FactoryBean threw exception on object creation; nested exception is org.mule.module.db.internal.parser.QueryTemplateParsingException: SQL text cannot be empty
	at org.springframework.beans.factory.support.BeanDefinitionValueResolver.resolveInnerBean(BeanDefinitionValueResolver.java:313) ~[activemq-all-5.13.3.jar:5.13.3]
	at org.springframework.beans.factory.support.BeanDefinitionValueResolver.resolveValueIfNecessary(BeanDefinitionValueResolver.java:129) ~[activemq-all-5.13.3.jar:5.13.3]
	at org.springframework.beans.factory.support.ConstructorResolver.resolveConstructorArguments(ConstructorResolver.java:634) ~[activemq-all-5.13.3.jar:5.13.3]
	at org.springframework.beans.factory.support.ConstructorResolver.autowireConstructor(ConstructorResolver.java:140) ~[activemq-all-5.13.3.jar:5.13.3]
	at org.springframework.beans.factory.support.AbstractAutowireCapableBeanFactory.autowireConstructor(AbstractAutowireCapableBeanFactory.java:1137) ~[activemq-all-5.13.3.jar:5.13.3]
	at org.springframework.beans.factory.support.AbstractAutowireCapableBeanFactory.createBeanInstance(AbstractAutowireCapableBeanFactory.java:1040) ~[activemq-all-5.13.3.jar:5.13.3]
	at org.springframework.beans.factory.support.AbstractAutowireCapableBeanFactory.doCreateBean(AbstractAutowireCapableBeanFactory.java:504) ~[activemq-all-5.13.3.jar:5.13.3]
	at org.springframework.beans.factory.support.AbstractAutowireCapableBeanFactory.createBean(AbstractAutowireCapableBeanFactory.java:476) ~[activemq-all-5.13.3.jar:5.13.3]
	at org.springframework.beans.factory.support.BeanDefinitionValueResolver.resolveInnerBean(BeanDefinitionValueResolver.java:299) ~[activemq-all-5.13.3.jar:5.13.3]
	... 36 more
Caused by: org.springframework.beans.factory.BeanCreationException: Error creating bean with name '(inner bean)#419b9455': Cannot create inner bean '(inner bean)#6edaf604' of type [org.mule.module.db.internal.domain.query.Query] while setting constructor argument; nested exception is org.springframework.beans.factory.BeanCreationException: Error creating bean with name '(inner bean)#6edaf604': Cannot create inner bean '(inner bean)#4e726260' of type [org.mule.module.db.internal.config.domain.query.ParameterizedQueryTemplateFactoryBean] while setting constructor argument; nested exception is org.springframework.beans.factory.BeanCreationException: Error creating bean with name '(inner bean)#4e726260': FactoryBean threw exception on object creation; nested exception is org.mule.module.db.internal.parser.QueryTemplateParsingException: SQL text cannot be empty
	at org.springframework.beans.factory.support.BeanDefinitionValueResolver.resolveInnerBean(BeanDefinitionValueResolver.java:313) ~[activemq-all-5.13.3.jar:5.13.3]
	at org.springframework.beans.factory.support.BeanDefinitionValueResolver.resolveValueIfNecessary(BeanDefinitionValueResolver.java:129) ~[activemq-all-5.13.3.jar:5.13.3]
	at org.springframework.beans.factory.support.ConstructorResolver.resolveConstructorArguments(ConstructorResolver.java:634) ~[activemq-all-5.13.3.jar:5.13.3]
	at org.springframework.beans.factory.support.ConstructorResolver.autowireConstructor(ConstructorResolver.java:140) ~[activemq-all-5.13.3.jar:5.13.3]
	at org.springframework.beans.factory.support.AbstractAutowireCapableBeanFactory.autowireConstructor(AbstractAutowireCapableBeanFactory.java:1137) ~[activemq-all-5.13.3.jar:5.13.3]
	at org.springframework.beans.factory.support.AbstractAutowireCapableBeanFactory.createBeanInstance(AbstractAutowireCapableBeanFactory.java:1040) ~[activemq-all-5.13.3.jar:5.13.3]
	at org.springframework.beans.factory.support.AbstractAutowireCapableBeanFactory.doCreateBean(AbstractAutowireCapableBeanFactory.java:504) ~[activemq-all-5.13.3.jar:5.13.3]
	at org.springframework.beans.factory.support.AbstractAutowireCapableBeanFactory.createBean(AbstractAutowireCapableBeanFactory.java:476) ~[activemq-all-5.13.3.jar:5.13.3]
	at org.springframework.beans.factory.support.BeanDefinitionValueResolver.resolveInnerBean(BeanDefinitionValueResolver.java:299) ~[activemq-all-5.13.3.jar:5.13.3]
	at org.springframework.beans.factory.support.BeanDefinitionValueResolver.resolveValueIfNecessary(BeanDefinitionValueResolver.java:129) ~[activemq-all-5.13.3.jar:5.13.3]
	at org.springframework.beans.factory.support.ConstructorResolver.resolveConstructorArguments(ConstructorResolver.java:634) ~[activemq-all-5.13.3.jar:5.13.3]
	at org.springframework.beans.factory.support.ConstructorResolver.autowireConstructor(ConstructorResolver.java:140) ~[activemq-all-5.13.3.jar:5.13.3]
	at org.springframework.beans.factory.support.AbstractAutowireCapableBeanFactory.autowireConstructor(AbstractAutowireCapableBeanFactory.java:1137) ~[activemq-all-5.13.3.jar:5.13.3]
	at org.springframework.beans.factory.support.AbstractAutowireCapableBeanFactory.createBeanInstance(AbstractAutowireCapableBeanFactory.java:1040) ~[activemq-all-5.13.3.jar:5.13.3]
	at org.springframework.beans.factory.support.AbstractAutowireCapableBeanFactory.doCreateBean(AbstractAutowireCapableBeanFactory.java:504) ~[activemq-all-5.13.3.jar:5.13.3]
	at org.springframework.beans.factory.support.AbstractAutowireCapableBeanFactory.createBean(AbstractAutowireCapableBeanFactory.java:476) ~[activemq-all-5.13.3.jar:5.13.3]
	at org.springframework.beans.factory.support.BeanDefinitionValueResolver.resolveInnerBean(BeanDefinitionValueResolver.java:299) ~[activemq-all-5.13.3.jar:5.13.3]
	... 36 more
Caused by: org.springframework.beans.factory.BeanCreationException: Error creating bean with name '(inner bean)#6edaf604': Cannot create inner bean '(inner bean)#4e726260' of type [org.mule.module.db.internal.config.domain.query.ParameterizedQueryTemplateFactoryBean] while setting constructor argument; nested exception is org.springframework.beans.factory.BeanCreationException: Error creating bean with name '(inner bean)#4e726260': FactoryBean threw exception on object creation; nested exception is org.mule.module.db.internal.parser.QueryTemplateParsingException: SQL text cannot be empty
	at org.springframework.beans.factory.support.BeanDefinitionValueResolver.resolveInnerBean(BeanDefinitionValueResolver.java:313) ~[activemq-all-5.13.3.jar:5.13.3]
	at org.springframework.beans.factory.support.BeanDefinitionValueResolver.resolveValueIfNecessary(BeanDefinitionValueResolver.java:129) ~[activemq-all-5.13.3.jar:5.13.3]
	at org.springframework.beans.factory.support.ConstructorResolver.resolveConstructorArguments(ConstructorResolver.java:634) ~[activemq-all-5.13.3.jar:5.13.3]
	at org.springframework.beans.factory.support.ConstructorResolver.autowireConstructor(ConstructorResolver.java:140) ~[activemq-all-5.13.3.jar:5.13.3]
	at org.springframework.beans.factory.support.AbstractAutowireCapableBeanFactory.autowireConstructor(AbstractAutowireCapableBeanFactory.java:1137) ~[activemq-all-5.13.3.jar:5.13.3]
	at org.springframework.beans.factory.support.AbstractAutowireCapableBeanFactory.createBeanInstance(AbstractAutowireCapableBeanFactory.java:1040) ~[activemq-all-5.13.3.jar:5.13.3]
	at org.springframework.beans.factory.support.AbstractAutowireCapableBeanFactory.doCreateBean(AbstractAutowireCapableBeanFactory.java:504) ~[activemq-all-5.13.3.jar:5.13.3]
	at org.springframework.beans.factory.support.AbstractAutowireCapableBeanFactory.createBean(AbstractAutowireCapableBeanFactory.java:476) ~[activemq-all-5.13.3.jar:5.13.3]
	at org.springframework.beans.factory.support.BeanDefinitionValueResolver.resolveInnerBean(BeanDefinitionValueResolver.java:299) ~[activemq-all-5.13.3.jar:5.13.3]
	at org.springframework.beans.factory.support.BeanDefinitionValueResolver.resolveValueIfNecessary(BeanDefinitionValueResolver.java:129) ~[activemq-all-5.13.3.jar:5.13.3]
	at org.springframework.beans.factory.support.ConstructorResolver.resolveConstructorArguments(ConstructorResolver.java:634) ~[activemq-all-5.13.3.jar:5.13.3]
	at org.springframework.beans.factory.support.ConstructorResolver.autowireConstructor(ConstructorResolver.java:140) ~[activemq-all-5.13.3.jar:5.13.3]
	at org.springframework.beans.factory.support.AbstractAutowireCapableBeanFactory.autowireConstructor(AbstractAutowireCapableBeanFactory.java:1137) ~[activemq-all-5.13.3.jar:5.13.3]
	at org.springframework.beans.factory.support.AbstractAutowireCapableBeanFactory.createBeanInstance(AbstractAutowireCapableBeanFactory.java:1040) ~[activemq-all-5.13.3.jar:5.13.3]
	at org.springframework.beans.factory.support.AbstractAutowireCapableBeanFactory.doCreateBean(AbstractAutowireCapableBeanFactory.java:504) ~[activemq-all-5.13.3.jar:5.13.3]
	at org.springframework.beans.factory.support.AbstractAutowireCapableBeanFactory.createBean(AbstractAutowireCapableBeanFactory.java:476) ~[activemq-all-5.13.3.jar:5.13.3]
	at org.springframework.beans.factory.support.BeanDefinitionValueResolver.resolveInnerBean(BeanDefinitionValueResolver.java:299) ~[activemq-all-5.13.3.jar:5.13.3]
	at org.springframework.beans.factory.support.BeanDefinitionValueResolver.resolveValueIfNecessary(BeanDefinitionValueResolver.java:129) ~[activemq-all-5.13.3.jar:5.13.3]
	at org.springframework.beans.factory.support.ConstructorResolver.resolveConstructorArguments(ConstructorResolver.java:634) ~[activemq-all-5.13.3.jar:5.13.3]
	at org.springframework.beans.factory.support.ConstructorResolver.autowireConstructor(ConstructorResolver.java:140) ~[activemq-all-5.13.3.jar:5.13.3]
	at org.springframework.beans.factory.support.AbstractAutowireCapableBeanFactory.autowireConstructor(AbstractAutowireCapableBeanFactory.java:1137) ~[activemq-all-5.13.3.jar:5.13.3]
	at org.springframework.beans.factory.support.AbstractAutowireCapableBeanFactory.createBeanInstance(AbstractAutowireCapableBeanFactory.java:1040) ~[activemq-all-5.13.3.jar:5.13.3]
	at org.springframework.beans.factory.support.AbstractAutowireCapableBeanFactory.doCreateBean(AbstractAutowireCapableBeanFactory.java:504) ~[activemq-all-5.13.3.jar:5.13.3]
	at org.springframework.beans.factory.support.AbstractAutowireCapableBeanFactory.createBean(AbstractAutowireCapableBeanFactory.java:476) ~[activemq-all-5.13.3.jar:5.13.3]
	at org.springframework.beans.factory.support.BeanDefinitionValueResolver.resolveInnerBean(BeanDefinitionValueResolver.java:299) ~[activemq-all-5.13.3.jar:5.13.3]
	... 36 more
Caused by: org.springframework.beans.factory.BeanCreationException: Error creating bean with name '(inner bean)#4e726260': FactoryBean threw exception on object creation; nested exception is org.mule.module.db.internal.parser.QueryTemplateParsingException: SQL text cannot be empty
	at org.springframework.beans.factory.support.FactoryBeanRegistrySupport.doGetObjectFromFactoryBean(FactoryBeanRegistrySupport.java:175) ~[activemq-all-5.13.3.jar:5.13.3]
	at org.springframework.beans.factory.support.FactoryBeanRegistrySupport.getObjectFromFactoryBean(FactoryBeanRegistrySupport.java:127) ~[activemq-all-5.13.3.jar:5.13.3]
	at org.springframework.beans.factory.support.BeanDefinitionValueResolver.resolveInnerBean(BeanDefinitionValueResolver.java:302) ~[activemq-all-5.13.3.jar:5.13.3]
	at org.springframework.beans.factory.support.BeanDefinitionValueResolver.resolveValueIfNecessary(BeanDefinitionValueResolver.java:129) ~[activemq-all-5.13.3.jar:5.13.3]
	at org.springframework.beans.factory.support.ConstructorResolver.resolveConstructorArguments(ConstructorResolver.java:634) ~[activemq-all-5.13.3.jar:5.13.3]
	at org.springframework.beans.factory.support.ConstructorResolver.autowireConstructor(ConstructorResolver.java:140) ~[activemq-all-5.13.3.jar:5.13.3]
	at org.springframework.beans.factory.support.AbstractAutowireCapableBeanFactory.autowireConstructor(AbstractAutowireCapableBeanFactory.java:1137) ~[activemq-all-5.13.3.jar:5.13.3]
	at org.springframework.beans.factory.support.AbstractAutowireCapableBeanFactory.createBeanInstance(AbstractAutowireCapableBeanFactory.java:1040) ~[activemq-all-5.13.3.jar:5.13.3]
	at org.springframework.beans.factory.support.AbstractAutowireCapableBeanFactory.doCreateBean(AbstractAutowireCapableBeanFactory.java:504) ~[activemq-all-5.13.3.jar:5.13.3]
	at org.springframework.beans.factory.support.AbstractAutowireCapableBeanFactory.createBean(AbstractAutowireCapableBeanFactory.java:476) ~[activemq-all-5.13.3.jar:5.13.3]
	at org.springframework.beans.factory.support.BeanDefinitionValueResolver.resolveInnerBean(BeanDefinitionValueResolver.java:299) ~[activemq-all-5.13.3.jar:5.13.3]
	at org.springframework.beans.factory.support.BeanDefinitionValueResolver.resolveValueIfNecessary(BeanDefinitionValueResolver.java:129) ~[activemq-all-5.13.3.jar:5.13.3]
	at org.springframework.beans.factory.support.ConstructorResolver.resolveConstructorArguments(ConstructorResolver.java:634) ~[activemq-all-5.13.3.jar:5.13.3]
	at org.springframework.beans.factory.support.ConstructorResolver.autowireConstructor(ConstructorResolver.java:140) ~[activemq-all-5.13.3.jar:5.13.3]
	at org.springframework.beans.factory.support.AbstractAutowireCapableBeanFactory.autowireConstructor(AbstractAutowireCapableBeanFactory.java:1137) ~[activemq-all-5.13.3.jar:5.13.3]
	at org.springframework.beans.factory.support.AbstractAutowireCapableBeanFactory.createBeanInstance(AbstractAutowireCapableBeanFactory.java:1040) ~[activemq-all-5.13.3.jar:5.13.3]
	at org.springframework.beans.factory.support.AbstractAutowireCapableBeanFactory.doCreateBean(AbstractAutowireCapableBeanFactory.java:504) ~[activemq-all-5.13.3.jar:5.13.3]
	at org.springframework.beans.factory.support.AbstractAutowireCapableBeanFactory.createBean(AbstractAutowireCapableBeanFactory.java:476) ~[activemq-all-5.13.3.jar:5.13.3]
	at org.springframework.beans.factory.support.BeanDefinitionValueResolver.resolveInnerBean(BeanDefinitionValueResolver.java:299) ~[activemq-all-5.13.3.jar:5.13.3]
	at org.springframework.beans.factory.support.BeanDefinitionValueResolver.resolveValueIfNecessary(BeanDefinitionValueResolver.java:129) ~[activemq-all-5.13.3.jar:5.13.3]
	at org.springframework.beans.factory.support.ConstructorResolver.resolveConstructorArguments(ConstructorResolver.java:634) ~[activemq-all-5.13.3.jar:5.13.3]
	at org.springframework.beans.factory.support.ConstructorResolver.autowireConstructor(ConstructorResolver.java:140) ~[activemq-all-5.13.3.jar:5.13.3]
	at org.springframework.beans.factory.support.AbstractAutowireCapableBeanFactory.autowireConstructor(AbstractAutowireCapableBeanFactory.java:1137) ~[activemq-all-5.13.3.jar:5.13.3]
	at org.springframework.beans.factory.support.AbstractAutowireCapableBeanFactory.createBeanInstance(AbstractAutowireCapableBeanFactory.java:1040) ~[activemq-all-5.13.3.jar:5.13.3]
	at org.springframework.beans.factory.support.AbstractAutowireCapableBeanFactory.doCreateBean(AbstractAutowireCapableBeanFactory.java:504) ~[activemq-all-5.13.3.jar:5.13.3]
	at org.springframework.beans.factory.support.AbstractAutowireCapableBeanFactory.createBean(AbstractAutowireCapableBeanFactory.java:476) ~[activemq-all-5.13.3.jar:5.13.3]
	at org.springframework.beans.factory.support.BeanDefinitionValueResolver.resolveInnerBean(BeanDefinitionValueResolver.java:299) ~[activemq-all-5.13.3.jar:5.13.3]
	... 36 more
Caused by: org.mule.module.db.internal.parser.QueryTemplateParsingException: SQL text cannot be empty
	at org.mule.module.db.internal.parser.SimpleQueryTemplateParser.doParse(SimpleQueryTemplateParser.java:120) ~[mule-module-db-3.7.3.jar:3.7.3]
	at org.mule.module.db.internal.parser.SimpleQueryTemplateParser.parse(SimpleQueryTemplateParser.java:72) ~[mule-module-db-3.7.3.jar:3.7.3]
	at org.mule.module.db.internal.config.domain.query.ParameterizedQueryTemplateFactoryBean.getObject(ParameterizedQueryTemplateFactoryBean.java:48) ~[mule-module-db-3.7.3.jar:3.7.3]
	at org.mule.module.db.internal.config.domain.query.ParameterizedQueryTemplateFactoryBean.getObject(ParameterizedQueryTemplateFactoryBean.java:31) ~[mule-module-db-3.7.3.jar:3.7.3]
	at org.springframework.beans.factory.support.FactoryBeanRegistrySupport.doGetObjectFromFactoryBean(FactoryBeanRegistrySupport.java:168) ~[activemq-all-5.13.3.jar:5.13.3]
	at org.springframework.beans.factory.support.FactoryBeanRegistrySupport.getObjectFromFactoryBean(FactoryBeanRegistrySupport.java:127) ~[activemq-all-5.13.3.jar:5.13.3]
	at org.springframework.beans.factory.support.BeanDefinitionValueResolver.resolveInnerBean(BeanDefinitionValueResolver.java:302) ~[activemq-all-5.13.3.jar:5.13.3]
	at org.springframework.beans.factory.support.BeanDefinitionValueResolver.resolveValueIfNecessary(BeanDefinitionValueResolver.java:129) ~[activemq-all-5.13.3.jar:5.13.3]
	at org.springframework.beans.factory.support.ConstructorResolver.resolveConstructorArguments(ConstructorResolver.java:634) ~[activemq-all-5.13.3.jar:5.13.3]
	at org.springframework.beans.factory.support.ConstructorResolver.autowireConstructor(ConstructorResolver.java:140) ~[activemq-all-5.13.3.jar:5.13.3]
	at org.springframework.beans.factory.support.AbstractAutowireCapableBeanFactory.autowireConstructor(AbstractAutowireCapableBeanFactory.java:1137) ~[activemq-all-5.13.3.jar:5.13.3]
	at org.springframework.beans.factory.support.AbstractAutowireCapableBeanFactory.createBeanInstance(AbstractAutowireCapableBeanFactory.java:1040) ~[activemq-all-5.13.3.jar:5.13.3]
	at org.springframework.beans.factory.support.AbstractAutowireCapableBeanFactory.doCreateBean(AbstractAutowireCapableBeanFactory.java:504) ~[activemq-all-5.13.3.jar:5.13.3]
	at org.springframework.beans.factory.support.AbstractAutowireCapableBeanFactory.createBean(AbstractAutowireCapableBeanFactory.java:476) ~[activemq-all-5.13.3.jar:5.13.3]
	at org.springframework.beans.factory.support.BeanDefinitionValueResolver.resolveInnerBean(BeanDefinitionValueResolver.java:299) ~[activemq-all-5.13.3.jar:5.13.3]
	at org.springframework.beans.factory.support.BeanDefinitionValueResolver.resolveValueIfNecessary(BeanDefinitionValueResolver.java:129) ~[activemq-all-5.13.3.jar:5.13.3]
	at org.springframework.beans.factory.support.ConstructorResolver.resolveConstructorArguments(ConstructorResolver.java:634) ~[activemq-all-5.13.3.jar:5.13.3]
	at org.springframework.beans.factory.support.ConstructorResolver.autowireConstructor(ConstructorResolver.java:140) ~[activemq-all-5.13.3.jar:5.13.3]
	at org.springframework.beans.factory.support.AbstractAutowireCapableBeanFactory.autowireConstructor(AbstractAutowireCapableBeanFactory.java:1137) ~[activemq-all-5.13.3.jar:5.13.3]
	at org.springframework.beans.factory.support.AbstractAutowireCapableBeanFactory.createBeanInstance(AbstractAutowireCapableBeanFactory.java:1040) ~[activemq-all-5.13.3.jar:5.13.3]
	at org.springframework.beans.factory.support.AbstractAutowireCapableBeanFactory.doCreateBean(AbstractAutowireCapableBeanFactory.java:504) ~[activemq-all-5.13.3.jar:5.13.3]
	at org.springframework.beans.factory.support.AbstractAutowireCapableBeanFactory.createBean(AbstractAutowireCapableBeanFactory.java:476) ~[activemq-all-5.13.3.jar:5.13.3]
	at org.springframework.beans.factory.support.BeanDefinitionValueResolver.resolveInnerBean(BeanDefinitionValueResolver.java:299) ~[activemq-all-5.13.3.jar:5.13.3]
	at org.springframework.beans.factory.support.BeanDefinitionValueResolver.resolveValueIfNecessary(BeanDefinitionValueResolver.java:129) ~[activemq-all-5.13.3.jar:5.13.3]
	at org.springframework.beans.factory.support.ConstructorResolver.resolveConstructorArguments(ConstructorResolver.java:634) ~[activemq-all-5.13.3.jar:5.13.3]
	at org.springframework.beans.factory.support.ConstructorResolver.autowireConstructor(ConstructorResolver.java:140) ~[activemq-all-5.13.3.jar:5.13.3]
	at org.springframework.beans.factory.support.AbstractAutowireCapableBeanFactory.autowireConstructor(AbstractAutowireCapableBeanFactory.java:1137) ~[activemq-all-5.13.3.jar:5.13.3]
	at org.springframework.beans.factory.support.AbstractAutowireCapableBeanFactory.createBeanInstance(AbstractAutowireCapableBeanFactory.java:1040) ~[activemq-all-5.13.3.jar:5.13.3]
	at org.springframework.beans.factory.support.AbstractAutowireCapableBeanFactory.doCreateBean(AbstractAutowireCapableBeanFactory.java:504) ~[activemq-all-5.13.3.jar:5.13.3]
	at org.springframework.beans.factory.support.AbstractAutowireCapableBeanFactory.createBean(AbstractAutowireCapableBeanFactory.java:476) ~[activemq-all-5.13.3.jar:5.13.3]
	at org.springframework.beans.factory.support.BeanDefinitionValueResolver.resolveInnerBean(BeanDefinitionValueResolver.java:299) ~[activemq-all-5.13.3.jar:5.13.3]
	... 36 more
INFO  2016-05-04 11:35:46,494 [Thread-1] org.mule.lifecycle.AbstractLifecycleManager: Disposing RegistryBroker
]]></system-out>
    <system-err><![CDATA[SLF4J: Class path contains multiple SLF4J bindings.
SLF4J: Found binding in [jar:file:/C:/Users/rk.arillo/.m2/repository/org/apache/logging/log4j/log4j-slf4j-impl/2.1/log4j-slf4j-impl-2.1.jar!/org/slf4j/impl/StaticLoggerBinder.class]
SLF4J: Found binding in [jar:file:/C:/Users/rk.arillo/.m2/repository/org/apache/activemq/activemq-all/5.13.3/activemq-all-5.13.3.jar!/org/slf4j/impl/StaticLoggerBinder.class]
SLF4J: See http://www.slf4j.org/codes.html#multiple_bindings for an explanation.
SLF4J: Actual binding is of type [org.apache.logging.slf4j.Log4jLoggerFactory]
]]></system-err>
  </testcase>
</testsuite>